2020-07-21 10:14:49,032 INFO o.s.b.StartupInfoLogger [main] Starting PortalApplication v0.0.1-SNAPSHOT on DiskStation with PID 21955 (/volume1/backup/WAR-files/strefa9.jar started by admin in /volume1/backup/WAR-files)
2020-07-21 10:14:49,178 DEBUG o.s.b.StartupInfoLogger [main] Running with Spring Boot v2.3.0.RELEASE, Spring v5.2.6.RELEASE
2020-07-21 10:14:49,207 INFO o.s.b.SpringApplication [main] No active profile set, falling back to default profiles: default
2020-07-21 10:15:23,057 INFO o.s.b.w.e.t.TomcatWebServer [main] Tomcat initialized with port(s): 8080 (http)
2020-07-21 10:15:23,629 INFO o.a.j.l.DirectJDKLog [main] Initializing ProtocolHandler ["http-nio-8080"]
2020-07-21 10:15:23,644 INFO o.a.j.l.DirectJDKLog [main] Starting service [Tomcat]
2020-07-21 10:15:23,665 INFO o.a.j.l.DirectJDKLog [main] Starting Servlet engine: [Apache Tomcat/9.0.35]
2020-07-21 10:15:25,239 INFO o.a.j.l.DirectJDKLog [main] Initializing Spring embedded WebApplicationContext
2020-07-21 10:15:25,244 INFO o.s.b.w.s.c.ServletWebServerApplicationContext [main] Root WebApplicationContext: initialization completed in 35234 ms
2020-07-21 10:15:35,328 INFO o.s.s.c.ExecutorConfigurationSupport [main] Initializing ExecutorService 'threadPoolTaskExecutor'
2020-07-21 10:15:46,218 INFO o.s.b.a.w.s.WelcomePageHandlerMapping [main] Adding welcome page template: index
2020-07-21 10:15:48,815 INFO o.a.j.l.DirectJDKLog [main] Starting ProtocolHandler ["http-nio-8080"]
2020-07-21 10:15:49,298 INFO o.s.b.w.e.t.TomcatWebServer [main] Tomcat started on port(s): 8080 (http) with context path ''
2020-07-21 10:15:50,638 INFO o.s.b.StartupInfoLogger [main] Started PortalApplication in 72.222 seconds (JVM running for 101.727)
2020-07-21 10:16:31,604 INFO o.a.j.l.DirectJDKLog [http-nio-8080-exec-1] Initializing Spring DispatcherServlet 'dispatcherServlet'
2020-07-21 10:16:31,616 INFO o.s.w.s.FrameworkServlet [http-nio-8080-exec-1] Initializing Servlet 'dispatcherServlet'
2020-07-21 10:16:31,758 INFO o.s.w.s.FrameworkServlet [http-nio-8080-exec-1] Completed initialization in 139 ms
2020-07-21 10:19:28,293 ERROR p.s.p.s.ContactService [threadPoolTaskExecutor-1] Mail server connection failed; nested exception is javax.mail.MessagingException: Could not convert socket to TLS;
  nested exception is:
	javax.net.ssl.SSLHandshakeException: Remote host terminated the handshake. Failed messages: javax.mail.MessagingException: Could not convert socket to TLS;
  nested exception is:
	javax.net.ssl.SSLHandshakeException: Remote host terminated the handshake
2020-07-21 10:24:53,824 WARN o.s.w.s.h.AbstractHandlerExceptionResolver [http-nio-8080-exec-7] Resolved [org.springframework.web.HttpRequestMethodNotSupportedException: Request method 'POST' not supported]
2020-07-21 10:27:08,081 WARN o.s.w.s.h.AbstractHandlerExceptionResolver [http-nio-8080-exec-9] Resolved [org.springframework.web.HttpRequestMethodNotSupportedException: Request method 'POST' not supported]
